# JRE version: Java(TM) SE Runtime Environment (21.0.2+13) (build 21.0.2+13-LTS-58)
# Java VM: Java HotSpot(TM) 64-Bit Server VM (21.0.2+13-LTS-58, mixed mode, sharing, tiered, compressed oops, compressed class ptrs, g1 gc, windows-amd64)
GC Precious Log:
 CardTable entry size: 512
 Card Set container configuration: InlinePtr #cards 4 size 8 Array Of Cards #cards 16 size 48 Howl #buckets 8 coarsen threshold 3686 Howl Bitmap #cards 512 size 80 coarsen threshold 460 Card regions per heap region 1 cards per card region 4096
 CPUs: 8 total, 8 available
 Memory: 16167M
 Large Page Support: Disabled
 NUMA Support: Disabled
 Compressed Oops: Enabled (Zero based)
 Heap Region Size: 2M
 Heap Min Capacity: 8M
 Heap Initial Capacity: 254M
 Heap Max Capacity: 4042M
 Pre-touch: Disabled
 Parallel Workers: 8
 Concurrent Workers: 2
 Concurrent Refinement Workers: 8
 Periodic GC: Disabled
Heap:
 garbage-first heap   total 75776K, used 57329K [0x0000000703600000, 0x0000000800000000)
  region size 2048K, 13 young (26624K), 1 survivors (2048K)
 Metaspace       used 65379K, committed 66368K, reserved 1114112K
  class space    used 8851K, committed 9216K, reserved 1048576K
GC Heap History (20 events):
Event: 5.674 GC heap before
{Heap before GC invocations=6 (full 0):
 garbage-first heap   total 75776K, used 60249K [0x0000000703600000, 0x0000000800000000)
  region size 2048K, 20 young (40960K), 3 survivors (6144K)
 Metaspace       used 35621K, committed 36096K, reserved 1114112K
  class space    used 4718K, committed 4928K, reserved 1048576K
}
Event: 5.679 GC heap after
{Heap after GC invocations=7 (full 0):
 garbage-first heap   total 75776K, used 26984K [0x0000000703600000, 0x0000000800000000)
  region size 2048K, 1 young (2048K), 1 survivors (2048K)
 Metaspace       used 35621K, committed 36096K, reserved 1114112K
  class space    used 4718K, committed 4928K, reserved 1048576K
}
Event: 5.682 GC heap before
{Heap before GC invocations=7 (full 0):
 garbage-first heap   total 75776K, used 26984K [0x0000000703600000, 0x0000000800000000)
  region size 2048K, 2 young (4096K), 1 survivors (2048K)
 Metaspace       used 35663K, committed 36096K, reserved 1114112K
  class space    used 4722K, committed 4928K, reserved 1048576K
}
Event: 5.685 GC heap after
{Heap after GC invocations=8 (full 0):
 garbage-first heap   total 75776K, used 26843K [0x0000000703600000, 0x0000000800000000)
  region size 2048K, 1 young (2048K), 1 survivors (2048K)
 Metaspace       used 35663K, committed 36096K, reserved 1114112K
  class space    used 4722K, committed 4928K, reserved 1048576K
}
Event: 7.355 GC heap before
{Heap before GC invocations=9 (full 0):
 garbage-first heap   total 75776K, used 61659K [0x0000000703600000, 0x0000000800000000)
  region size 2048K, 19 young (38912K), 1 survivors (2048K)
 Metaspace       used 46750K, committed 47232K, reserved 1114112K
  class space    used 6259K, committed 6464K, reserved 1048576K
}
Event: 7.358 GC heap after
{Heap after GC invocations=10 (full 0):
 garbage-first heap   total 75776K, used 29382K [0x0000000703600000, 0x0000000800000000)
  region size 2048K, 3 young (6144K), 3 survivors (6144K)
 Metaspace       used 46750K, committed 47232K, reserved 1114112K
  class space    used 6259K, committed 6464K, reserved 1048576K
}
Event: 8.413 GC heap before
{Heap before GC invocations=10 (full 0):
 garbage-first heap   total 75776K, used 60102K [0x0000000703600000, 0x0000000800000000)
  region size 2048K, 18 young (36864K), 3 survivors (6144K)
 Metaspace       used 54477K, committed 55104K, reserved 1114112K
  class space    used 7401K, committed 7680K, reserved 1048576K
}
Event: 8.420 GC heap after
{Heap after GC invocations=11 (full 0):
 garbage-first heap   total 75776K, used 30403K [0x0000000703600000, 0x0000000800000000)
  region size 2048K, 3 young (6144K), 3 survivors (6144K)
 Metaspace       used 54477K, committed 55104K, reserved 1114112K
  class space    used 7401K, committed 7680K, reserved 1048576K
}
Event: 9.043 GC heap before
{Heap before GC invocations=11 (full 0):
 garbage-first heap   total 75776K, used 61123K [0x0000000703600000, 0x0000000800000000)
  region size 2048K, 18 young (36864K), 3 survivors (6144K)
 Metaspace       used 58595K, committed 59200K, reserved 1114112K
  class space    used 7952K, committed 8256K, reserved 1048576K
}
Event: 9.047 GC heap after
{Heap after GC invocations=12 (full 0):
 garbage-first heap   total 75776K, used 33018K [0x0000000703600000, 0x0000000800000000)
  region size 2048K, 3 young (6144K), 3 survivors (6144K)
 Metaspace       used 58595K, committed 59200K, reserved 1114112K
  class space    used 7952K, committed 8256K, reserved 1048576K
}
Event: 9.232 GC heap before
{Heap before GC invocations=12 (full 0):
 garbage-first heap   total 75776K, used 39162K [0x0000000703600000, 0x0000000800000000)
  region size 2048K, 7 young (14336K), 3 survivors (6144K)
 Metaspace       used 59835K, committed 60480K, reserved 1114112K
  class space    used 8127K, committed 8448K, reserved 1048576K
}
Event: 9.236 GC heap after
{Heap after GC invocations=13 (full 0):
 garbage-first heap   total 75776K, used 33661K [0x0000000703600000, 0x0000000800000000)
  region size 2048K, 2 young (4096K), 2 survivors (4096K)
 Metaspace       used 59835K, committed 60480K, reserved 1114112K
  class space    used 8127K, committed 8448K, reserved 1048576K
}
Event: 376.435 GC heap before
{Heap before GC invocations=14 (full 0):
 garbage-first heap   total 75776K, used 62333K [0x0000000703600000, 0x0000000800000000)
  region size 2048K, 17 young (34816K), 2 survivors (4096K)
 Metaspace       used 65331K, committed 65984K, reserved 1114112K
  class space    used 8921K, committed 9216K, reserved 1048576K
}
Event: 376.452 GC heap after
{Heap after GC invocations=15 (full 0):
 garbage-first heap   total 75776K, used 35072K [0x0000000703600000, 0x0000000800000000)
  region size 2048K, 3 young (6144K), 3 survivors (6144K)
 Metaspace       used 65331K, committed 65984K, reserved 1114112K
  class space    used 8921K, committed 9216K, reserved 1048576K
}
Event: 1725.775 GC heap before
{Heap before GC invocations=15 (full 0):
 garbage-first heap   total 75776K, used 61696K [0x0000000703600000, 0x0000000800000000)
  region size 2048K, 16 young (32768K), 3 survivors (6144K)
 Metaspace       used 65482K, committed 66176K, reserved 1114112K
  class space    used 8929K, committed 9216K, reserved 1048576K
}
Event: 1725.792 GC heap after
{Heap after GC invocations=16 (full 0):
 garbage-first heap   total 75776K, used 34300K [0x0000000703600000, 0x0000000800000000)
  region size 2048K, 2 young (4096K), 2 survivors (4096K)
 Metaspace       used 65482K, committed 66176K, reserved 1114112K
  class space    used 8929K, committed 9216K, reserved 1048576K
}
Event: 3070.847 GC heap before
{Heap before GC invocations=16 (full 0):
 garbage-first heap   total 75776K, used 62972K [0x0000000703600000, 0x0000000800000000)
  region size 2048K, 16 young (32768K), 2 survivors (4096K)
 Metaspace       used 65585K, committed 66240K, reserved 1114112K
  class space    used 8930K, committed 9216K, reserved 1048576K
}
Event: 3070.878 GC heap after
{Heap after GC invocations=17 (full 0):
 garbage-first heap   total 75776K, used 34645K [0x0000000703600000, 0x0000000800000000)
  region size 2048K, 2 young (4096K), 2 survivors (4096K)
 Metaspace       used 65585K, committed 66240K, reserved 1114112K
  class space    used 8930K, committed 9216K, reserved 1048576K
}
Event: 4426.785 GC heap before
{Heap before GC invocations=17 (full 0):
 garbage-first heap   total 75776K, used 63317K [0x0000000703600000, 0x0000000800000000)
  region size 2048K, 16 young (32768K), 2 survivors (4096K)
 Metaspace       used 65656K, committed 66368K, reserved 1114112K
  class space    used 8930K, committed 9216K, reserved 1048576K
}
Event: 4426.852 GC heap after
{Heap after GC invocations=18 (full 0):
 garbage-first heap   total 75776K, used 34801K [0x0000000703600000, 0x0000000800000000)
  region size 2048K, 1 young (2048K), 1 survivors (2048K)
 Metaspace       used 65656K, committed 66368K, reserved 1114112K
  class space    used 8930K, committed 9216K, reserved 1048576K
}

